Logfile initialized
[INFO] logfile = /home/anu-karthik/Titanium Studio Workspace/androidpush/build.log
[DEBUG] /home/anu-karthik/.titanium/mobilesdk/linux/2.0.2.GA/android/builder.py install androidpush /home/anu-karthik/android-sdk-linux_86 /home/anu-karthik/Titanium Studio Workspace/androidpush com.anubavam.androidpush 11
[INFO] Titanium SDK version: 2.0.2 (05/30/12 10:21 2ff31a3)
[DEBUG] Waiting for device to be ready ...
[TRACE] adb devices returned 2 devices/emulators
[DEBUG] Device connected... (waited 0 seconds)
[DEBUG] waited 0.003142 seconds on emulator to get ready
[DEBUG] com.anubavam.androidpush installed? False
[INFO] Copying CommonJS modules...
[INFO] Copying project resources..
[TRACE] COPYING MODIFIED FILE: /home/anu-karthik/Titanium Studio Workspace/androidpush/Resources/app.js => /home/anu-karthik/Titanium Studio Workspace/androidpush/build/android/bin/assets/Resources/app.js
[TRACE] Generating Java Classes
[DEBUG] Processing Android resource drawables
[DEBUG] found special platform files dir = /home/anu-karthik/Titanium Studio Workspace/androidpush/platform/android
[INFO] Copying platform-specific files ...
[DEBUG] copying app icon: /home/anu-karthik/Titanium Studio Workspace/androidpush/build/android/bin/assets/Resources/appicon.png
[DEBUG] generating theme.xml
[DEBUG] found drawable-long-port-hdpi splash screen at /home/anu-karthik/Titanium Studio Workspace/androidpush/Resources/android/images/res-long-port-hdpi/default.png
[DEBUG] copying /home/anu-karthik/Titanium Studio Workspace/androidpush/Resources/android/images/res-long-port-hdpi/default.png splash screen to /home/anu-karthik/Titanium Studio Workspace/androidpush/build/android/res/drawable-long-port-hdpi/background.png
[DEBUG] found drawable-notlong-port-mdpi splash screen at /home/anu-karthik/Titanium Studio Workspace/androidpush/Resources/android/images/res-notlong-port-mdpi/default.png
[DEBUG] copying /home/anu-karthik/Titanium Studio Workspace/androidpush/Resources/android/images/res-notlong-port-mdpi/default.png splash screen to /home/anu-karthik/Titanium Studio Workspace/androidpush/build/android/res/drawable-notlong-port-mdpi/background.png
[DEBUG] found drawable-notlong-land-mdpi splash screen at /home/anu-karthik/Titanium Studio Workspace/androidpush/Resources/android/images/res-notlong-land-mdpi/default.png
[DEBUG] copying /home/anu-karthik/Titanium Studio Workspace/androidpush/Resources/android/images/res-notlong-land-mdpi/default.png splash screen to /home/anu-karthik/Titanium Studio Workspace/androidpush/build/android/res/drawable-notlong-land-mdpi/background.png
[DEBUG] found drawable-long-land-ldpi splash screen at /home/anu-karthik/Titanium Studio Workspace/androidpush/Resources/android/images/res-long-land-ldpi/default.png
[DEBUG] copying /home/anu-karthik/Titanium Studio Workspace/androidpush/Resources/android/images/res-long-land-ldpi/default.png splash screen to /home/anu-karthik/Titanium Studio Workspace/androidpush/build/android/res/drawable-long-land-ldpi/background.png
[DEBUG] found drawable-notlong-port-ldpi splash screen at /home/anu-karthik/Titanium Studio Workspace/androidpush/Resources/android/images/res-notlong-port-ldpi/default.png
[DEBUG] copying /home/anu-karthik/Titanium Studio Workspace/androidpush/Resources/android/images/res-notlong-port-ldpi/default.png splash screen to /home/anu-karthik/Titanium Studio Workspace/androidpush/build/android/res/drawable-notlong-port-ldpi/background.png
[DEBUG] found drawable-notlong-land-ldpi splash screen at /home/anu-karthik/Titanium Studio Workspace/androidpush/Resources/android/images/res-notlong-land-ldpi/default.png
[DEBUG] copying /home/anu-karthik/Titanium Studio Workspace/androidpush/Resources/android/images/res-notlong-land-ldpi/default.png splash screen to /home/anu-karthik/Titanium Studio Workspace/androidpush/build/android/res/drawable-notlong-land-ldpi/background.png
[DEBUG] found drawable-long-port-ldpi splash screen at /home/anu-karthik/Titanium Studio Workspace/androidpush/Resources/android/images/res-long-port-ldpi/default.png
[DEBUG] copying /home/anu-karthik/Titanium Studio Workspace/androidpush/Resources/android/images/res-long-port-ldpi/default.png splash screen to /home/anu-karthik/Titanium Studio Workspace/androidpush/build/android/res/drawable-long-port-ldpi/background.png
[DEBUG] found drawable-notlong-land-hdpi splash screen at /home/anu-karthik/Titanium Studio Workspace/androidpush/Resources/android/images/res-notlong-land-hdpi/default.png
[DEBUG] copying /home/anu-karthik/Titanium Studio Workspace/androidpush/Resources/android/images/res-notlong-land-hdpi/default.png splash screen to /home/anu-karthik/Titanium Studio Workspace/androidpush/build/android/res/drawable-notlong-land-hdpi/background.png
[DEBUG] found drawable-long-land-hdpi splash screen at /home/anu-karthik/Titanium Studio Workspace/androidpush/Resources/android/images/res-long-land-hdpi/default.png
[DEBUG] copying /home/anu-karthik/Titanium Studio Workspace/androidpush/Resources/android/images/res-long-land-hdpi/default.png splash screen to /home/anu-karthik/Titanium Studio Workspace/androidpush/build/android/res/drawable-long-land-hdpi/background.png
[DEBUG] found drawable-notlong-port-hdpi splash screen at /home/anu-karthik/Titanium Studio Workspace/androidpush/Resources/android/images/res-notlong-port-hdpi/default.png
[DEBUG] copying /home/anu-karthik/Titanium Studio Workspace/androidpush/Resources/android/images/res-notlong-port-hdpi/default.png splash screen to /home/anu-karthik/Titanium Studio Workspace/androidpush/build/android/res/drawable-notlong-port-hdpi/background.png
[DEBUG] found splash screen at /home/anu-karthik/Titanium Studio Workspace/androidpush/build/android/bin/assets/Resources/default.png
[TRACE] Writing out AndroidManifest.xml
[DEBUG] adding /home/anu-karthik/Titanium Studio Workspace/androidpush/build/android/gen/com/anubavam/androidpush/R.java to javac build list
[DEBUG] adding /home/anu-karthik/Titanium Studio Workspace/androidpush/build/android/gen/com/anubavam/androidpush/AndroidpushApplication.java to javac build list
[DEBUG] adding /home/anu-karthik/Titanium Studio Workspace/androidpush/build/android/gen/com/anubavam/androidpush/AndroidpushAppInfo.java to javac build list
[DEBUG] adding /home/anu-karthik/Titanium Studio Workspace/androidpush/build/android/gen/com/anubavam/androidpush/AndroidpushActivity.java to javac build list
[DEBUG] Building Java Sources: "/home/anu-karthik/Titanium Studio Workspace/androidpush/build/android/gen/com/anubavam/androidpush/R.java" "/home/anu-karthik/Titanium Studio Workspace/androidpush/build/android/gen/com/anubavam/androidpush/AndroidpushApplication.java" "/home/anu-karthik/Titanium Studio Workspace/androidpush/build/android/gen/com/anubavam/androidpush/AndroidpushAppInfo.java" "/home/anu-karthik/Titanium Studio Workspace/androidpush/build/android/gen/com/anubavam/androidpush/AndroidpushActivity.java"
[INFO] Compiling Android Resources... This could take some time
[DEBUG] Android classes.dex built
[DEBUG] creating unsigned apk: /home/anu-karthik/Titanium Studio Workspace/androidpush/build/android/bin/app-unsigned.apk
[DEBUG] from resource zip => assets/Resources/sound/beep.wav
[DEBUG] from resource zip => assets/Resources/KS_nav_ui.png
[DEBUG] from resource zip => assets/Resources/KS_nav_views.png
[DEBUG] from resource zip => assets/Resources/app.js
[DEBUG] from resource zip => assets/Resources/appicon.png
[DEBUG] from resource zip => assets/Resources/default.png
[DEBUG] from resource zip => assets/Resources/ti.cloud.js
[DEBUG] from resource zip => assets/app.json
[DEBUG] from resource zip => assets/index.json
[DEBUG] from resource zip => assets/tiapp.xml
[DEBUG] from resource zip => res/drawable/appicon.png
[DEBUG] from resource zip => res/drawable/background.png
[DEBUG] from resource zip => res/drawable/logo.png
[DEBUG] from resource zip => res/layout/titanium_tabgroup.xml
[DEBUG] from resource zip => AndroidManifest.xml
[DEBUG] from resource zip => resources.arsc
[DEBUG] from resource zip => res/drawable-long-land-hdpi/background.png
[DEBUG] from resource zip => res/drawable-long-land-ldpi/background.png
[DEBUG] from resource zip => res/drawable-long-port-hdpi/background.png
[DEBUG] from resource zip => res/drawable-long-port-ldpi/background.png
[DEBUG] from resource zip => res/drawable-notlong-land-hdpi/background.png
[DEBUG] from resource zip => res/drawable-notlong-land-ldpi/background.png
[DEBUG] from resource zip => res/drawable-notlong-land-mdpi/background.png
[DEBUG] from resource zip => res/drawable-notlong-port-hdpi/background.png
[DEBUG] from resource zip => res/drawable-notlong-port-ldpi/background.png
[DEBUG] from resource zip => res/drawable-notlong-port-mdpi/background.png
[DEBUG] from JAR /home/anu-karthik/.titanium/mobilesdk/linux/2.0.2.GA/android/titanium.jar => org/appcelerator/titanium/build.properties
[DEBUG] from JAR /home/anu-karthik/.titanium/mobilesdk/linux/2.0.2.GA/android/titanium.jar => org/appcelerator/titanium/res/drawable/background.png
[DEBUG] from JAR /home/anu-karthik/.titanium/mobilesdk/linux/2.0.2.GA/android/titanium.jar => org/appcelerator/titanium/res/drawable/btn_check_buttonless_on.png
[DEBUG] from JAR /home/anu-karthik/.titanium/mobilesdk/linux/2.0.2.GA/android/titanium.jar => org/appcelerator/titanium/res/drawable/btn_check_buttonless_on_18.png
[DEBUG] from JAR /home/anu-karthik/.titanium/mobilesdk/linux/2.0.2.GA/android/titanium.jar => org/appcelerator/titanium/res/drawable/btn_check_buttonless_on_48.png
[DEBUG] from JAR /home/anu-karthik/.titanium/mobilesdk/linux/2.0.2.GA/android/titanium.jar => org/appcelerator/titanium/res/drawable/btn_more.png
[DEBUG] from JAR /home/anu-karthik/.titanium/mobilesdk/linux/2.0.2.GA/android/titanium.jar => org/appcelerator/titanium/res/drawable/btn_more_18.png
[DEBUG] from JAR /home/anu-karthik/.titanium/mobilesdk/linux/2.0.2.GA/android/titanium.jar => org/appcelerator/titanium/res/drawable/btn_more_48.png
[DEBUG] from JAR /home/anu-karthik/.titanium/mobilesdk/linux/2.0.2.GA/android/titanium.jar => org/appcelerator/titanium/res/drawable/btn_picker_normal.9.png
[DEBUG] from JAR /home/anu-karthik/.titanium/mobilesdk/linux/2.0.2.GA/android/titanium.jar => org/appcelerator/titanium/res/drawable/btn_picker_pressed.9.png
[DEBUG] from JAR /home/anu-karthik/.titanium/mobilesdk/linux/2.0.2.GA/android/titanium.jar => org/appcelerator/titanium/res/drawable/btn_picker_selected.9.png
[DEBUG] from JAR /home/anu-karthik/.titanium/mobilesdk/linux/2.0.2.GA/android/titanium.jar => org/appcelerator/titanium/res/drawable/default_icon.png
[DEBUG] from JAR /home/anu-karthik/.titanium/mobilesdk/linux/2.0.2.GA/android/titanium.jar => org/appcelerator/titanium/res/drawable/photoDefault.png
[DEBUG] from JAR /home/anu-karthik/.titanium/mobilesdk/linux/2.0.2.GA/android/thirdparty.jar => org/apache/Commons-NOTICE.txt
[DEBUG] from JAR /home/anu-karthik/.titanium/mobilesdk/linux/2.0.2.GA/android/thirdparty.jar => org/apache/HttpComponents-NOTICE.txt
[DEBUG] from JAR /home/anu-karthik/.titanium/mobilesdk/linux/2.0.2.GA/android/thirdparty.jar => org/apache/mime4j-NOTICE.txt
[DEBUG] from JAR /home/anu-karthik/.titanium/mobilesdk/linux/2.0.2.GA/android/modules/titanium-ui.jar => ti/modules/titanium/ui/widget/webview/binding.js
[DEBUG] from JAR /home/anu-karthik/.titanium/mobilesdk/linux/2.0.2.GA/android/modules/titanium-ui.jar => ti/modules/titanium/ui/widget/webview/binding.min.js
[DEBUG] from JAR /home/anu-karthik/.titanium/mobilesdk/linux/2.0.2.GA/android/modules/titanium-ui.jar => ti/modules/titanium/ui/widget/webview/json2.js
[DEBUG] installing native lib: /home/anu-karthik/.titanium/modules/android/ti.cloudpush/2.0.5/libs/armeabi-v7a/libti.cloudpush.so
[DEBUG] installing native lib: /home/anu-karthik/.titanium/modules/android/ti.cloudpush/2.0.5/libs/armeabi/libti.cloudpush.so
[DEBUG] installing native SDK libs
[DEBUG] Waiting for device to be ready ...
[TRACE] adb devices returned 2 devices/emulators
[DEBUG] Device connected... (waited 0 seconds)
[DEBUG] waited 0.005335 seconds on emulator to get ready
[INFO] Installing application on device
[INFO] Application installed. Launch from drawer on Home Screen
[DEBUG] signal caught: 15
[DEBUG] calling emulator kill on 5093
